TN:
SF:src/commands/auth.ts
FN:6,createAuthCommand
FN:20,createLoginCommand
FN:24,(anonymous_2)
FN:42,createLogoutCommand
FN:43,(anonymous_4)
FN:49,createStatusCommand
FN:50,(anonymous_6)
FN:75,createSetVersionCommand
FN:79,(anonymous_8)
FN:90,createToggleVerboseCommand
FN:94,(anonymous_10)
FNF:11
FNH:9
FNDA:10,createAuthCommand
FNDA:10,createLoginCommand
FNDA:1,(anonymous_2)
FNDA:10,createLogoutCommand
FNDA:1,(anonymous_4)
FNDA:10,createStatusCommand
FNDA:0,(anonymous_6)
FNDA:10,createSetVersionCommand
FNDA:0,(anonymous_8)
FNDA:10,createToggleVerboseCommand
FNDA:1,(anonymous_10)
DA:1,10
DA:2,10
DA:3,10
DA:4,10
DA:6,10
DA:7,10
DA:9,10
DA:17,10
DA:21,10
DA:25,1
DA:27,0
DA:28,0
DA:29,0
DA:30,0
DA:33,1
DA:34,1
DA:35,1
DA:36,1
DA:37,1
DA:38,1
DA:43,10
DA:44,1
DA:45,1
DA:50,10
DA:51,0
DA:52,0
DA:53,0
DA:54,0
DA:56,0
DA:57,0
DA:58,0
DA:59,0
DA:60,0
DA:62,0
DA:63,0
DA:64,0
DA:65,0
DA:66,0
DA:67,0
DA:69,0
DA:76,10
DA:80,0
DA:81,0
DA:82,0
DA:85,0
DA:86,0
DA:91,10
DA:95,1
DA:96,1
DA:97,1
DA:98,1
DA:99,0
LF:52
LH:26
BRDA:25,0,0,0
BRDA:25,0,1,1
BRDA:53,1,0,0
BRDA:53,1,1,0
BRDA:54,2,0,0
BRDA:54,2,1,0
BRDA:58,3,0,0
BRDA:58,3,1,0
BRDA:60,4,0,0
BRDA:60,4,1,0
BRDA:62,5,0,0
BRDA:62,5,1,0
BRDA:67,6,0,0
BRDA:67,6,1,0
BRDA:80,7,0,0
BRDA:80,7,1,0
BRDA:95,8,0,1
BRDA:95,8,1,1
BRDA:97,9,0,0
BRDA:97,9,1,1
BRDA:98,10,0,0
BRDA:98,10,1,1
BRF:22
BRH:5
end_of_record
TN:
SF:src/commands/batch.ts
FN:6,createBatchCommand
FN:14,createBatchRunCommand
FN:22,(anonymous_11)
FN:90,(anonymous_12)
FN:91,(anonymous_13)
FN:102,executeOperation
FNF:6
FNH:2
FNDA:1,createBatchCommand
FNDA:1,createBatchRunCommand
FNDA:0,(anonymous_11)
FNDA:0,(anonymous_12)
FNDA:0,(anonymous_13)
FNDA:0,executeOperation
DA:1,1
DA:2,1
DA:3,1
DA:4,1
DA:6,1
DA:7,1
DA:11,1
DA:15,1
DA:23,0
DA:26,0
DA:27,0
DA:28,0
DA:30,0
DA:31,0
DA:34,0
DA:35,0
DA:36,0
DA:37,0
DA:40,0
DA:41,0
DA:44,0
DA:45,0
DA:47,0
DA:48,0
DA:49,0
DA:51,0
DA:52,0
DA:55,0
DA:56,0
DA:57,0
DA:59,0
DA:60,0
DA:63,0
DA:64,0
DA:65,0
DA:67,0
DA:68,0
DA:72,0
DA:75,0
DA:77,0
DA:80,0
DA:81,0
DA:82,0
DA:87,0
DA:88,0
DA:89,0
DA:90,0
DA:91,0
DA:92,0
DA:95,0
DA:96,0
DA:103,0
DA:105,0
DA:108,0
DA:111,0
DA:114,0
DA:117,0
DA:120,0
DA:123,0
DA:126,0
DA:130,0
DA:133,0
DA:134,0
DA:135,0
LF:64
LH:8
BRDA:34,0,0,0
BRDA:34,0,1,0
BRDA:35,1,0,0
BRDA:35,1,1,0
BRDA:40,2,0,0
BRDA:40,2,1,0
BRDA:51,3,0,0
BRDA:51,3,1,0
BRDA:55,4,0,0
BRDA:55,4,1,0
BRDA:56,5,0,0
BRDA:56,5,1,0
BRDA:67,6,0,0
BRDA:67,6,1,0
BRDA:72,7,0,0
BRDA:72,7,1,0
BRDA:72,7,2,0
BRDA:80,8,0,0
BRDA:80,8,1,0
BRDA:87,9,0,0
BRDA:87,9,1,0
BRDA:89,10,0,0
BRDA:89,10,1,0
BRDA:103,11,0,0
BRDA:103,11,1,0
BRDA:103,11,2,0
BRDA:103,11,3,0
BRDA:103,11,4,0
BRDA:103,11,5,0
BRDA:103,11,6,0
BRDA:103,11,7,0
BRDA:103,11,8,0
BRDA:103,11,9,0
BRDA:130,12,0,0
BRDA:130,12,1,0
BRF:35
BRH:0
end_of_record
TN:
SF:src/commands/blocks.ts
FN:6,createBlocksCommand
FN:18,createBlockGetCommand
FN:23,(anonymous_2)
FN:45,createBlockListCommand
FN:53,(anonymous_4)
FN:75,(anonymous_5)
FN:97,createBlockAppendCommand
FN:112,(anonymous_7)
FN:162,createBlockDeleteCommand
FN:167,(anonymous_9)
FN:186,createBlockUpdateCommand
FN:197,(anonymous_11)
FN:249,createBlock
FNF:13
FNH:12
FNDA:39,createBlocksCommand
FNDA:39,createBlockGetCommand
FNDA:2,(anonymous_2)
FNDA:39,createBlockListCommand
FNDA:3,(anonymous_4)
FNDA:0,(anonymous_5)
FNDA:39,createBlockAppendCommand
FNDA:6,(anonymous_7)
FNDA:39,createBlockDeleteCommand
FNDA:1,(anonymous_9)
FNDA:39,createBlockUpdateCommand
FNDA:4,(anonymous_11)
FNDA:6,createBlock
DA:1,23
DA:2,23
DA:3,23
DA:4,23
DA:6,23
DA:7,39
DA:15,39
DA:19,39
DA:24,2
DA:25,2
DA:26,2
DA:28,2
DA:29,1
DA:31,1
DA:34,0
DA:40,0
DA:46,39
DA:57,3
DA:58,3
DA:59,3
DA:61,3
DA:63,3
DA:64,1
DA:65,1
DA:68,2
DA:69,0
DA:70,0
DA:73,0
DA:75,0
DA:76,0
DA:79,0
DA:80,0
DA:85,2
DA:91,2
DA:98,39
DA:124,6
DA:126,6
DA:127,0
DA:128,0
DA:132,6
DA:133,0
DA:134,0
DA:137,6
DA:139,6
DA:141,6
DA:143,6
DA:144,6
DA:146,0
DA:147,0
DA:150,6
DA:156,6
DA:163,39
DA:168,1
DA:169,1
DA:171,1
DA:173,1
DA:175,0
DA:181,0
DA:187,39
DA:208,4
DA:209,4
DA:211,4
DA:214,4
DA:215,1
DA:217,4
DA:218,0
DA:222,4
DA:223,1
DA:224,3
DA:225,1
DA:228,4
DA:230,4
DA:232,4
DA:233,0
DA:236,0
DA:242,0
DA:256,6
DA:260,6
DA:286,6
DA:287,0
DA:292,6
LF:81
LH:59
BRDA:28,0,0,1
BRDA:28,0,1,1
BRDA:36,1,0,0
BRDA:36,1,1,0
BRDA:36,1,2,0
BRDA:63,2,0,1
BRDA:63,2,1,2
BRDA:68,3,0,0
BRDA:68,3,1,0
BRDA:79,4,0,0
BRDA:79,4,1,0
BRDA:87,5,0,2
BRDA:87,5,1,2
BRDA:87,5,2,0
BRDA:126,6,0,0
BRDA:126,6,1,6
BRDA:132,7,0,0
BRDA:132,7,1,6
BRDA:132,8,0,6
BRDA:132,8,1,1
BRDA:144,9,0,6
BRDA:144,9,1,0
BRDA:146,10,0,0
BRDA:146,10,1,0
BRDA:152,11,0,6
BRDA:152,11,1,6
BRDA:152,11,2,0
BRDA:177,12,0,0
BRDA:177,12,1,0
BRDA:177,12,2,0
BRDA:214,13,0,1
BRDA:214,13,1,3
BRDA:217,14,0,0
BRDA:217,14,1,4
BRDA:222,15,0,1
BRDA:222,15,1,3
BRDA:224,16,0,1
BRDA:224,16,1,2
BRDA:232,17,0,0
BRDA:232,17,1,4
BRDA:238,18,0,0
BRDA:238,18,1,0
BRDA:238,18,2,0
BRDA:257,19,0,5
BRDA:257,19,1,1
BRDA:261,20,0,6
BRDA:261,20,1,5
BRDA:263,21,0,6
BRDA:263,21,1,5
BRDA:266,22,0,6
BRDA:266,22,1,5
BRDA:269,23,0,6
BRDA:269,23,1,5
BRDA:271,24,0,6
BRDA:271,24,1,5
BRDA:272,25,0,6
BRDA:272,25,1,5
BRDA:274,26,0,6
BRDA:274,26,1,5
BRDA:274,27,0,6
BRDA:274,27,1,5
BRDA:276,28,0,6
BRDA:276,28,1,5
BRDA:277,29,0,6
BRDA:277,29,1,5
BRDA:278,30,0,6
BRDA:278,30,1,0
BRDA:286,31,0,0
BRDA:286,31,1,6
BRF:69
BRH:45
end_of_record
TN:
SF:src/commands/comments.ts
FN:5,createCommentsCommand
FN:14,createCommentCreateCommand
FN:23,(anonymous_2)
FN:68,createCommentListCommand
FN:73,(anonymous_4)
FN:91,(anonymous_5)
FNF:6
FNH:3
FNDA:1,createCommentsCommand
FNDA:1,createCommentCreateCommand
FNDA:0,(anonymous_2)
FNDA:1,createCommentListCommand
FNDA:0,(anonymous_4)
FNDA:0,(anonymous_5)
DA:1,1
DA:2,1
DA:3,1
DA:5,1
DA:6,1
DA:11,1
DA:15,1
DA:30,0
DA:31,0
DA:33,0
DA:34,0
DA:38,0
DA:41,0
DA:44,0
DA:45,0
DA:48,0
DA:50,0
DA:52,0
DA:53,0
DA:56,0
DA:62,0
DA:69,1
DA:74,0
DA:75,0
DA:77,0
DA:79,0
DA:80,0
DA:81,0
DA:84,0
DA:85,0
DA:86,0
DA:89,0
DA:91,0
DA:92,0
DA:93,0
DA:94,0
DA:95,0
DA:99,0
DA:100,0
DA:101,0
DA:102,0
DA:103,0
DA:106,0
DA:112,0
LF:44
LH:8
BRDA:33,0,0,0
BRDA:33,0,1,0
BRDA:33,1,0,0
BRDA:33,1,1,0
BRDA:44,2,0,0
BRDA:44,2,1,0
BRDA:52,3,0,0
BRDA:52,3,1,0
BRDA:58,4,0,0
BRDA:58,4,1,0
BRDA:58,4,2,0
BRDA:79,5,0,0
BRDA:79,5,1,0
BRDA:84,6,0,0
BRDA:84,6,1,0
BRDA:92,7,0,0
BRDA:92,7,1,0
BRDA:94,8,0,0
BRDA:94,8,1,0
BRDA:95,9,0,0
BRDA:95,9,1,0
BRDA:108,10,0,0
BRDA:108,10,1,0
BRDA:108,10,2,0
BRF:24
BRH:0
end_of_record
TN:
SF:src/commands/databases.ts
FN:13,createDatabasesCommand
FN:24,createDatabaseGetCommand
FN:29,(anonymous_2)
FN:51,createDatabaseQueryCommand
FN:67,(anonymous_4)
FN:110,(anonymous_5)
FN:132,createDatabaseListCommand
FN:136,(anonymous_7)
FN:156,(anonymous_8)
FN:171,createDatabaseCreateCommand
FN:184,(anonymous_10)
FNF:11
FNH:9
FNDA:24,createDatabasesCommand
FNDA:24,createDatabaseGetCommand
FNDA:2,(anonymous_2)
FNDA:24,createDatabaseQueryCommand
FNDA:4,(anonymous_4)
FNDA:0,(anonymous_5)
FNDA:24,createDatabaseListCommand
FNDA:2,(anonymous_7)
FNDA:0,(anonymous_8)
FNDA:24,createDatabaseCreateCommand
FNDA:1,(anonymous_10)
DA:1,15
DA:2,15
DA:3,15
DA:10,15
DA:13,15
DA:14,24
DA:21,24
DA:25,24
DA:30,2
DA:31,2
DA:32,2
DA:34,2
DA:35,1
DA:37,1
DA:40,0
DA:46,0
DA:52,24
DA:77,4
DA:78,4
DA:79,4
DA:83,4
DA:84,1
DA:87,4
DA:88,1
DA:89,1
DA:92,4
DA:93,0
DA:96,4
DA:98,4
DA:99,0
DA:100,0
DA:103,4
DA:104,0
DA:105,0
DA:108,0
DA:110,0
DA:111,0
DA:114,0
DA:115,0
DA:120,4
DA:126,4
DA:133,24
DA:137,2
DA:138,2
DA:140,2
DA:144,2
DA:145,0
DA:146,0
DA:149,2
DA:150,0
DA:151,0
DA:154,0
DA:156,0
DA:157,0
DA:160,2
DA:166,2
DA:172,24
DA:192,1
DA:193,1
DA:195,1
DA:197,1
DA:202,1
DA:204,1
DA:206,1
DA:207,1
DA:209,0
DA:210,0
DA:213,1
DA:219,1
LF:69
LH:48
BRDA:34,0,0,1
BRDA:34,0,1,1
BRDA:42,1,0,0
BRDA:42,1,1,0
BRDA:42,1,2,0
BRDA:83,2,0,1
BRDA:83,2,1,3
BRDA:87,3,0,1
BRDA:87,3,1,3
BRDA:89,4,0,0
BRDA:89,4,1,1
BRDA:92,5,0,0
BRDA:92,5,1,4
BRDA:98,6,0,0
BRDA:98,6,1,4
BRDA:103,7,0,0
BRDA:103,7,1,0
BRDA:114,8,0,0
BRDA:114,8,1,0
BRDA:122,9,0,4
BRDA:122,9,1,4
BRDA:122,9,2,0
BRDA:144,10,0,0
BRDA:144,10,1,2
BRDA:149,11,0,0
BRDA:149,11,1,0
BRDA:162,12,0,2
BRDA:162,12,1,2
BRDA:162,12,2,0
BRDA:209,13,0,0
BRDA:209,13,1,0
BRDA:215,14,0,1
BRDA:215,14,1,1
BRDA:215,14,2,0
BRF:34
BRH:16
end_of_record
TN:
SF:src/commands/files.ts
FN:5,createFilesCommand
FN:13,createFileUploadCommand
FN:22,(anonymous_2)
FNF:3
FNH:2
FNDA:1,createFilesCommand
FNDA:1,createFileUploadCommand
FNDA:0,(anonymous_2)
DA:1,1
DA:2,1
DA:3,1
DA:5,1
DA:6,1
DA:10,1
DA:14,1
DA:29,0
DA:30,0
DA:32,0
DA:41,0
DA:42,0
DA:45,0
DA:47,0
DA:49,0
DA:50,0
DA:53,0
DA:59,0
LF:18
LH:7
BRDA:41,0,0,0
BRDA:41,0,1,0
BRDA:49,1,0,0
BRDA:49,1,1,0
BRDA:55,2,0,0
BRDA:55,2,1,0
BRDA:55,2,2,0
BRF:7
BRH:0
end_of_record
TN:
SF:src/commands/metrics.ts
FN:5,createMetricsCommand
FN:14,createMetricsShowCommand
FN:19,(anonymous_2)
FN:46,createMetricsResetCommand
FN:47,(anonymous_4)
FNF:5
FNH:3
FNDA:1,createMetricsCommand
FNDA:1,createMetricsShowCommand
FNDA:0,(anonymous_2)
FNDA:1,createMetricsResetCommand
FNDA:0,(anonymous_4)
DA:1,1
DA:2,1
DA:3,1
DA:5,1
DA:6,1
DA:11,1
DA:15,1
DA:20,0
DA:22,0
DA:23,0
DA:24,0
DA:27,0
DA:28,0
DA:29,0
DA:30,0
DA:31,0
DA:32,0
DA:33,0
DA:36,0
DA:37,0
DA:39,0
DA:40,0
DA:41,0
DA:47,1
DA:48,0
DA:49,0
LF:26
LH:8
BRDA:22,0,0,0
BRDA:22,0,1,0
BRDA:34,1,0,0
BRDA:34,1,1,0
BRDA:39,2,0,0
BRDA:39,2,1,0
BRF:6
BRH:0
end_of_record
TN:
SF:src/commands/pages.ts
FN:5,createPagesCommand
FN:18,createPageGetCommand
FN:23,(anonymous_2)
FN:45,createPageCreateCommand
FN:55,(anonymous_4)
FN:125,createPageUpdateCommand
FN:136,(anonymous_6)
FN:189,createPageListCommand
FN:197,(anonymous_8)
FN:219,(anonymous_9)
FN:241,createPageDeleteCommand
FN:246,(anonymous_11)
FN:265,createPageDuplicateCommand
FN:274,(anonymous_13)
FNF:14
FNH:13
FNDA:34,createPagesCommand
FNDA:34,createPageGetCommand
FNDA:2,(anonymous_2)
FNDA:34,createPageCreateCommand
FNDA:2,(anonymous_4)
FNDA:34,createPageUpdateCommand
FNDA:3,(anonymous_6)
FNDA:34,createPageListCommand
FNDA:2,(anonymous_8)
FNDA:0,(anonymous_9)
FNDA:34,createPageDeleteCommand
FNDA:1,(anonymous_11)
FNDA:34,createPageDuplicateCommand
FNDA:3,(anonymous_13)
DA:1,21
DA:2,21
DA:3,21
DA:5,21
DA:6,34
DA:15,34
DA:19,34
DA:24,2
DA:25,2
DA:26,2
DA:28,2
DA:29,1
DA:31,1
DA:34,0
DA:40,0
DA:46,34
DA:63,2
DA:64,2
DA:66,2
DA:72,2
DA:73,2
DA:75,2
DA:76,1
DA:82,0
DA:83,0
DA:90,2
DA:91,2
DA:92,0
DA:100,2
DA:106,2
DA:107,2
DA:109,0
DA:110,0
DA:113,2
DA:119,2
DA:126,34
DA:147,3
DA:148,3
DA:150,3
DA:151,3
DA:152,1
DA:157,3
DA:158,3
DA:159,1
DA:161,3
DA:162,0
DA:164,3
DA:165,0
DA:168,3
DA:170,0
DA:171,0
DA:173,0
DA:174,0
DA:177,3
DA:183,3
DA:190,34
DA:201,2
DA:202,2
DA:203,2
DA:205,2
DA:207,2
DA:208,0
DA:209,0
DA:212,2
DA:213,0
DA:214,0
DA:217,0
DA:219,0
DA:220,0
DA:223,0
DA:224,0
DA:229,2
DA:235,2
DA:242,34
DA:247,1
DA:248,1
DA:249,1
DA:251,1
DA:252,1
DA:254,1
DA:260,1
DA:266,34
DA:278,3
DA:279,3
DA:282,3
DA:283,1
DA:286,3
DA:288,3
DA:289,3
DA:291,0
DA:292,0
DA:295,3
DA:301,3
LF:93
LH:69
BRDA:28,0,0,1
BRDA:28,0,1,1
BRDA:36,1,0,0
BRDA:36,1,1,0
BRDA:36,1,2,0
BRDA:73,2,0,2
BRDA:73,2,1,0
BRDA:75,3,0,1
BRDA:75,3,1,1
BRDA:82,4,0,0
BRDA:82,4,1,0
BRDA:91,5,0,0
BRDA:91,5,1,2
BRDA:103,6,0,0
BRDA:103,6,1,2
BRDA:109,7,0,0
BRDA:109,7,1,0
BRDA:115,8,0,2
BRDA:115,8,1,2
BRDA:115,8,2,0
BRDA:151,9,0,1
BRDA:151,9,1,2
BRDA:158,10,0,1
BRDA:158,10,1,2
BRDA:161,11,0,0
BRDA:161,11,1,3
BRDA:164,12,0,0
BRDA:164,12,1,3
BRDA:173,13,0,0
BRDA:173,13,1,0
BRDA:179,14,0,3
BRDA:179,14,1,3
BRDA:179,14,2,0
BRDA:207,15,0,0
BRDA:207,15,1,2
BRDA:212,16,0,0
BRDA:212,16,1,0
BRDA:223,17,0,0
BRDA:223,17,1,0
BRDA:231,18,0,2
BRDA:231,18,1,2
BRDA:231,18,2,0
BRDA:256,19,0,1
BRDA:256,19,1,1
BRDA:256,19,2,0
BRDA:282,20,0,1
BRDA:282,20,1,2
BRDA:291,21,0,0
BRDA:291,21,1,0
BRDA:297,22,0,3
BRDA:297,22,1,3
BRDA:297,22,2,0
BRF:52
BRH:26
end_of_record
TN:
SF:src/commands/search.ts
FN:5,createSearchCommand
FN:15,(anonymous_1)
FN:51,(anonymous_2)
FNF:3
FNH:1
FNDA:1,createSearchCommand
FNDA:0,(anonymous_1)
FNDA:0,(anonymous_2)
DA:1,1
DA:2,1
DA:3,1
DA:5,1
DA:6,1
DA:25,0
DA:26,0
DA:27,0
DA:34,0
DA:36,0
DA:37,0
DA:38,0
DA:40,0
DA:43,0
DA:44,0
DA:45,0
DA:48,0
DA:49,0
DA:51,0
DA:53,0
DA:56,0
DA:57,0
DA:58,0
DA:60,0
DA:61,0
DA:62,0
DA:63,0
DA:66,0
DA:67,0
DA:72,0
DA:78,0
DA:83,1
LF:32
LH:6
BRDA:29,0,0,0
BRDA:29,0,1,0
BRDA:31,1,0,0
BRDA:31,1,1,0
BRDA:36,2,0,0
BRDA:36,2,1,0
BRDA:37,3,0,0
BRDA:37,3,1,0
BRDA:43,4,0,0
BRDA:43,4,1,0
BRDA:53,5,0,0
BRDA:53,5,1,0
BRDA:53,5,2,0
BRDA:58,6,0,0
BRDA:58,6,1,0
BRDA:66,7,0,0
BRDA:66,7,1,0
BRDA:74,8,0,0
BRDA:74,8,1,0
BRDA:74,8,2,0
BRF:20
BRH:0
end_of_record
TN:
SF:src/commands/users.ts
FN:5,createUsersCommand
FN:15,createUserListCommand
FN:21,(anonymous_2)
FN:40,(anonymous_3)
FN:61,createUserGetCommand
FN:66,(anonymous_5)
FN:88,createUserMeCommand
FN:92,(anonymous_7)
FNF:8
FNH:4
FNDA:1,createUsersCommand
FNDA:1,createUserListCommand
FNDA:0,(anonymous_2)
FNDA:0,(anonymous_3)
FNDA:1,createUserGetCommand
FNDA:0,(anonymous_5)
FNDA:1,createUserMeCommand
FNDA:0,(anonymous_7)
DA:1,1
DA:2,1
DA:3,1
DA:5,1
DA:6,1
DA:12,1
DA:16,1
DA:22,0
DA:23,0
DA:24,0
DA:26,0
DA:28,0
DA:29,0
DA:30,0
DA:33,0
DA:34,0
DA:35,0
DA:38,0
DA:40,0
DA:41,0
DA:44,0
DA:45,0
DA:50,0
DA:56,0
DA:62,1
DA:67,0
DA:68,0
DA:69,0
DA:71,0
DA:72,0
DA:74,0
DA:77,0
DA:83,0
DA:89,1
DA:93,0
DA:94,0
DA:95,0
DA:97,0
DA:98,0
DA:100,0
DA:101,0
DA:102,0
DA:103,0
DA:104,0
DA:107,0
DA:113,0
LF:46
LH:9
BRDA:28,0,0,0
BRDA:28,0,1,0
BRDA:33,1,0,0
BRDA:33,1,1,0
BRDA:44,2,0,0
BRDA:44,2,1,0
BRDA:52,3,0,0
BRDA:52,3,1,0
BRDA:52,3,2,0
BRDA:71,4,0,0
BRDA:71,4,1,0
BRDA:79,5,0,0
BRDA:79,5,1,0
BRDA:79,5,2,0
BRDA:97,6,0,0
BRDA:97,6,1,0
BRDA:104,7,0,0
BRDA:104,7,1,0
BRDA:109,8,0,0
BRDA:109,8,1,0
BRDA:109,8,2,0
BRF:21
BRH:0
end_of_record
TN:
SF:src/lib/client.ts
FN:53,getApiMetrics
FN:60,resetApiMetrics
FN:82,sleep
FN:83,(anonymous_4)
FN:89,isRetryableError
FN:100,calculateRetryDelay
FN:114,(anonymous_7)
FN:134,(anonymous_8)
FN:153,(anonymous_9)
FN:157,(anonymous_10)
FN:182,(anonymous_11)
FN:234,(anonymous_12)
FN:235,(anonymous_13)
FN:256,(anonymous_14)
FN:258,(anonymous_15)
FN:264,(anonymous_16)
FN:269,(anonymous_17)
FN:283,(anonymous_18)
FN:285,(anonymous_19)
FN:299,(anonymous_20)
FN:301,(anonymous_21)
FN:307,(anonymous_22)
FN:311,(anonymous_23)
FN:317,(anonymous_24)
FN:333,(anonymous_25)
FN:350,(anonymous_26)
FN:352,(anonymous_27)
FN:358,(anonymous_28)
FN:363,(anonymous_29)
FN:369,(anonymous_30)
FN:374,(anonymous_31)
FN:388,(anonymous_32)
FN:393,(anonymous_33)
FN:408,(anonymous_34)
FN:414,(anonymous_35)
FN:428,(anonymous_36)
FN:433,(anonymous_37)
FN:441,(anonymous_38)
FN:443,(anonymous_39)
FN:449,(anonymous_40)
FN:451,(anonymous_41)
FN:457,(anonymous_42)
FN:459,(anonymous_43)
FN:466,(anonymous_44)
FN:468,(anonymous_45)
FN:474,(anonymous_46)
FN:475,(anonymous_47)
FN:489,(anonymous_48)
FN:490,(anonymous_49)
FN:497,(anonymous_50)
FN:502,(anonymous_51)
FN:519,(anonymous_52)
FN:520,(anonymous_53)
FNF:53
FNH:28
FNDA:4,getApiMetrics
FNDA:4,resetApiMetrics
FNDA:14,sleep
FNDA:14,(anonymous_4)
FNDA:19,isRetryableError
FNDA:14,calculateRetryDelay
FNDA:23,(anonymous_7)
FNDA:0,(anonymous_8)
FNDA:0,(anonymous_9)
FNDA:0,(anonymous_10)
FNDA:24,(anonymous_11)
FNDA:3,(anonymous_12)
FNDA:3,(anonymous_13)
FNDA:13,(anonymous_14)
FNDA:27,(anonymous_15)
FNDA:1,(anonymous_16)
FNDA:1,(anonymous_17)
FNDA:0,(anonymous_18)
FNDA:0,(anonymous_19)
FNDA:0,(anonymous_20)
FNDA:0,(anonymous_21)
FNDA:0,(anonymous_22)
FNDA:0,(anonymous_23)
FNDA:0,(anonymous_24)
FNDA:0,(anonymous_25)
FNDA:1,(anonymous_26)
FNDA:1,(anonymous_27)
FNDA:1,(anonymous_28)
FNDA:1,(anonymous_29)
FNDA:0,(anonymous_30)
FNDA:0,(anonymous_31)
FNDA:0,(anonymous_32)
FNDA:0,(anonymous_33)
FNDA:1,(anonymous_34)
FNDA:1,(anonymous_35)
FNDA:1,(anonymous_36)
FNDA:1,(anonymous_37)
FNDA:1,(anonymous_38)
FNDA:1,(anonymous_39)
FNDA:0,(anonymous_40)
FNDA:0,(anonymous_41)
FNDA:0,(anonymous_42)
FNDA:0,(anonymous_43)
FNDA:0,(anonymous_44)
FNDA:0,(anonymous_45)
FNDA:1,(anonymous_46)
FNDA:1,(anonymous_47)
FNDA:1,(anonymous_48)
FNDA:1,(anonymous_49)
FNDA:0,(anonymous_50)
FNDA:0,(anonymous_51)
FNDA:0,(anonymous_52)
FNDA:0,(anonymous_53)
DA:1,24
DA:2,24
DA:16,24
DA:17,24
DA:19,24
DA:20,24
DA:21,24
DA:22,24
DA:40,24
DA:53,24
DA:54,4
DA:60,24
DA:61,4
DA:83,14
DA:90,19
DA:91,0
DA:94,19
DA:101,14
DA:102,14
DA:103,14
DA:106,24
DA:108,23
DA:115,23
DA:116,23
DA:118,23
DA:119,0
DA:124,23
DA:134,23
DA:136,0
DA:137,0
DA:138,0
DA:139,0
DA:140,0
DA:141,0
DA:143,0
DA:145,0
DA:146,0
DA:147,0
DA:149,0
DA:152,23
DA:154,0
DA:155,0
DA:158,0
DA:159,0
DA:164,0
DA:165,0
DA:170,0
DA:174,0
DA:183,24
DA:185,24
DA:187,24
DA:189,24
DA:190,38
DA:191,38
DA:192,38
DA:195,19
DA:196,19
DA:197,19
DA:198,19
DA:199,19
DA:201,19
DA:202,3
DA:205,19
DA:209,19
DA:211,19
DA:213,19
DA:214,5
DA:215,5
DA:218,14
DA:219,14
DA:222,14
DA:226,5
DA:235,3
DA:236,3
DA:237,3
DA:238,1
DA:240,3
DA:241,0
DA:243,3
DA:244,1
DA:246,3
DA:247,1
DA:250,3
DA:251,3
DA:257,13
DA:258,13
DA:259,27
DA:260,8
DA:269,1
DA:270,1
DA:274,1
DA:275,0
DA:278,1
DA:279,1
DA:284,0
DA:285,0
DA:286,0
DA:287,0
DA:288,0
DA:290,0
DA:291,0
DA:294,0
DA:295,0
DA:300,0
DA:301,0
DA:302,0
DA:303,0
DA:308,0
DA:316,0
DA:317,0
DA:318,0
DA:321,0
DA:322,0
DA:324,0
DA:325,0
DA:328,0
DA:329,0
DA:338,0
DA:339,0
DA:340,0
DA:341,0
DA:343,0
DA:344,0
DA:346,0
DA:351,1
DA:352,1
DA:353,1
DA:354,1
DA:362,1
DA:363,1
DA:364,1
DA:365,1
DA:374,0
DA:375,0
DA:379,0
DA:380,0
DA:383,0
DA:384,0
DA:393,0
DA:394,0
DA:395,0
DA:396,0
DA:398,0
DA:399,0
DA:402,0
DA:403,0
DA:413,1
DA:414,1
DA:415,1
DA:416,1
DA:417,0
DA:419,1
DA:420,0
DA:423,1
DA:424,1
DA:432,1
DA:433,1
DA:434,1
DA:437,1
DA:442,1
DA:443,1
DA:444,1
DA:445,1
DA:450,0
DA:451,0
DA:452,0
DA:453,0
DA:458,0
DA:459,0
DA:460,0
DA:461,0
DA:467,0
DA:468,0
DA:469,0
DA:470,0
DA:475,1
DA:476,1
DA:477,1
DA:478,0
DA:480,1
DA:481,0
DA:484,1
DA:485,1
DA:490,1
DA:491,1
DA:492,1
DA:502,0
DA:503,0
DA:504,0
DA:505,0
DA:507,0
DA:508,0
DA:510,0
DA:511,0
DA:514,0
DA:515,0
DA:520,0
DA:521,0
DA:522,0
DA:523,0
LF:200
LH:103
BRDA:90,0,0,0
BRDA:90,0,1,19
BRDA:94,1,0,19
BRDA:94,1,1,14
BRDA:94,2,0,14
BRDA:94,2,1,0
BRDA:118,3,0,0
BRDA:118,3,1,23
BRDA:138,4,0,0
BRDA:138,4,1,0
BRDA:146,5,0,0
BRDA:146,5,1,0
BRDA:160,6,0,0
BRDA:160,6,1,0
BRDA:164,7,0,0
BRDA:164,7,1,0
BRDA:201,8,0,3
BRDA:201,8,1,16
BRDA:206,9,0,3
BRDA:206,9,1,16
BRDA:213,10,0,5
BRDA:213,10,1,14
BRDA:213,11,0,19
BRDA:213,11,1,17
BRDA:234,12,0,1
BRDA:237,13,0,1
BRDA:237,13,1,2
BRDA:240,14,0,0
BRDA:240,14,1,3
BRDA:243,15,0,1
BRDA:243,15,1,2
BRDA:246,16,0,1
BRDA:246,16,1,2
BRDA:274,17,0,0
BRDA:274,17,1,1
BRDA:274,18,0,1
BRDA:274,18,1,0
BRDA:287,19,0,0
BRDA:287,19,1,0
BRDA:290,20,0,0
BRDA:290,20,1,0
BRDA:321,21,0,0
BRDA:321,21,1,0
BRDA:324,22,0,0
BRDA:324,22,1,0
BRDA:340,23,0,0
BRDA:340,23,1,0
BRDA:343,24,0,0
BRDA:343,24,1,0
BRDA:364,25,0,1
BRDA:364,25,1,0
BRDA:379,26,0,0
BRDA:379,26,1,0
BRDA:395,27,0,0
BRDA:395,27,1,0
BRDA:398,28,0,0
BRDA:398,28,1,0
BRDA:416,29,0,0
BRDA:416,29,1,1
BRDA:419,30,0,0
BRDA:419,30,1,1
BRDA:477,31,0,0
BRDA:477,31,1,1
BRDA:480,32,0,0
BRDA:480,32,1,1
BRDA:504,33,0,0
BRDA:504,33,1,0
BRDA:507,34,0,0
BRDA:507,34,1,0
BRDA:510,35,0,0
BRDA:510,35,1,0
BRF:71
BRH:28
end_of_record
TN:
SF:src/lib/config.ts
FN:14,ensureConfigDir
FN:20,loadConfig
FN:32,saveConfig
FN:37,getToken
FN:42,setToken
FN:52,getVersion
FN:56,setVersion
FN:62,isVerbose
FN:66,setVerbose
FN:72,logVerbose
FNF:10
FNH:10
FNDA:8,ensureConfigDir
FNDA:14,loadConfig
FNDA:6,saveConfig
FNDA:3,getToken
FNDA:2,setToken
FNDA:2,getVersion
FNDA:1,setVersion
FNDA:5,isVerbose
FNDA:1,setVerbose
FNDA:2,logVerbose
DA:1,4
DA:2,4
DA:3,4
DA:5,4
DA:6,4
DA:14,4
DA:15,8
DA:16,6
DA:20,4
DA:21,14
DA:22,14
DA:23,6
DA:24,6
DA:29,9
DA:32,4
DA:33,6
DA:34,6
DA:37,4
DA:39,3
DA:42,4
DA:43,2
DA:44,2
DA:45,1
DA:47,1
DA:49,2
DA:52,4
DA:53,2
DA:56,4
DA:57,1
DA:58,1
DA:59,1
DA:62,4
DA:63,5
DA:66,4
DA:67,1
DA:68,1
DA:69,1
DA:72,4
DA:73,2
DA:74,1
LF:40
LH:40
BRDA:15,0,0,6
BRDA:15,0,1,2
BRDA:22,1,0,6
BRDA:22,1,1,8
BRDA:39,2,0,3
BRDA:39,2,1,2
BRDA:44,3,0,1
BRDA:44,3,1,1
BRDA:53,4,0,2
BRDA:53,4,1,1
BRDA:63,5,0,5
BRDA:63,5,1,3
BRDA:63,5,2,2
BRDA:73,6,0,1
BRDA:73,6,1,1
BRF:15
BRH:15
end_of_record
TN:
SF:src/lib/errors.ts
FN:13,(anonymous_0)
FN:38,(anonymous_1)
FN:53,(anonymous_2)
FN:63,(anonymous_3)
FN:73,(anonymous_4)
FN:85,(anonymous_5)
FN:98,(anonymous_6)
FN:108,(anonymous_7)
FN:118,(anonymous_8)
FN:128,(anonymous_9)
FN:138,(anonymous_10)
FN:148,(anonymous_11)
FN:157,createErrorFromStatus
FN:185,extractErrorInfo
FNF:14
FNH:14
FNDA:92,(anonymous_0)
FNDA:1,(anonymous_1)
FNDA:4,(anonymous_2)
FNDA:3,(anonymous_3)
FNDA:4,(anonymous_4)
FNDA:5,(anonymous_5)
FNDA:56,(anonymous_6)
FNDA:3,(anonymous_7)
FNDA:7,(anonymous_8)
FNDA:2,(anonymous_9)
FNDA:1,(anonymous_10)
FNDA:2,(anonymous_11)
FNDA:8,createErrorFromStatus
FNDA:5,extractErrorInfo
DA:8,26
DA:19,92
DA:20,92
DA:21,92
DA:22,92
DA:23,31
DA:25,92
DA:26,3
DA:30,92
DA:31,92
DA:39,1
DA:52,26
DA:54,4
DA:55,4
DA:62,26
DA:64,3
DA:65,3
DA:72,26
DA:74,4
DA:75,4
DA:82,26
DA:86,5
DA:87,5
DA:88,5
DA:89,2
DA:97,26
DA:99,56
DA:100,56
DA:107,26
DA:109,3
DA:110,3
DA:117,26
DA:119,7
DA:120,7
DA:127,26
DA:129,2
DA:130,2
DA:137,26
DA:139,1
DA:140,1
DA:147,26
DA:149,2
DA:150,2
DA:157,26
DA:162,8
DA:164,1
DA:166,1
DA:168,1
DA:170,1
DA:172,1
DA:174,1
DA:176,1
DA:178,1
DA:185,26
DA:191,5
DA:193,5
DA:194,2
DA:195,2
DA:196,2
DA:204,3
DA:205,1
DA:211,2
LF:62
LH:62
BRDA:15,0,0,2
BRDA:22,1,0,31
BRDA:22,1,1,61
BRDA:25,2,0,3
BRDA:25,2,1,89
BRDA:30,3,0,92
BRDA:30,3,1,0
BRDA:53,4,0,1
BRDA:63,5,0,1
BRDA:73,6,0,2
BRDA:73,7,0,2
BRDA:85,8,0,1
BRDA:88,9,0,2
BRDA:88,9,1,3
BRDA:99,10,0,55
BRDA:99,10,1,1
BRDA:108,11,0,1
BRDA:118,12,0,1
BRDA:128,13,0,1
BRDA:149,14,0,1
BRDA:149,14,1,1
BRDA:162,15,0,1
BRDA:162,15,1,1
BRDA:162,15,2,1
BRDA:162,15,3,1
BRDA:162,15,4,1
BRDA:162,15,5,1
BRDA:162,15,6,1
BRDA:162,15,7,1
BRDA:193,16,0,2
BRDA:193,16,1,3
BRDA:195,17,0,2
BRDA:195,17,1,1
BRDA:195,17,2,0
BRDA:199,18,0,2
BRDA:199,18,1,1
BRDA:204,19,0,1
BRDA:204,19,1,2
BRDA:212,20,0,2
BRDA:212,20,1,1
BRF:40
BRH:38
end_of_record
TN:
SF:src/lib/option-validation.ts
FN:10,validateRequired
FN:19,validatePositiveInteger
FN:52,validateEmail
FN:66,validateUrlFormat
FN:81,validateIsoDate
FN:95,validateAtLeastOne
FN:99,(anonymous_6)
FN:102,(anonymous_7)
FN:110,validateOnlyOne
FN:115,(anonymous_9)
FN:119,(anonymous_10)
FN:124,(anonymous_11)
FN:132,validateArrayLength
FN:153,validateStringLength
FN:180,validateEnum
FNF:15
FNH:15
FNDA:6,validateRequired
FNDA:16,validatePositiveInteger
FNDA:10,validateEmail
FNDA:10,validateUrlFormat
FNDA:9,validateIsoDate
FNDA:8,validateAtLeastOne
FNDA:14,(anonymous_6)
FNDA:8,(anonymous_7)
FNDA:8,validateOnlyOne
FNDA:22,(anonymous_9)
FNDA:4,(anonymous_10)
FNDA:10,(anonymous_11)
FNDA:10,validateArrayLength
FNDA:10,validateStringLength
FNDA:9,validateEnum
DA:5,1
DA:10,1
DA:11,6
DA:12,5
DA:19,1
DA:24,16
DA:26,16
DA:27,3
DA:30,13
DA:31,2
DA:34,11
DA:35,2
DA:38,9
DA:39,2
DA:42,7
DA:43,4
DA:46,3
DA:52,1
DA:53,10
DA:54,2
DA:57,8
DA:58,8
DA:59,6
DA:66,1
DA:67,10
DA:68,2
DA:71,8
DA:72,8
DA:74,4
DA:81,1
DA:82,9
DA:83,2
DA:86,7
DA:87,7
DA:88,4
DA:95,1
DA:99,14
DA:101,8
DA:102,8
DA:103,4
DA:110,1
DA:114,8
DA:115,22
DA:118,8
DA:119,4
DA:120,2
DA:123,6
DA:124,10
DA:125,4
DA:132,1
DA:137,10
DA:138,1
DA:141,9
DA:142,2
DA:145,7
DA:146,2
DA:153,1
DA:158,10
DA:159,2
DA:162,8
DA:163,2
DA:169,6
DA:170,2
DA:180,1
DA:185,9
DA:186,2
DA:189,7
DA:190,4
LF:68
LH:68
BRDA:11,0,0,5
BRDA:11,0,1,1
BRDA:11,1,0,6
BRDA:11,1,1,2
BRDA:24,2,0,1
BRDA:24,2,1,15
BRDA:26,3,0,3
BRDA:26,3,1,13
BRDA:26,4,0,16
BRDA:26,4,1,14
BRDA:30,5,0,2
BRDA:30,5,1,11
BRDA:34,6,0,2
BRDA:34,6,1,9
BRDA:34,7,0,11
BRDA:34,7,1,4
BRDA:38,8,0,2
BRDA:38,8,1,7
BRDA:38,9,0,9
BRDA:38,9,1,3
BRDA:42,10,0,4
BRDA:42,10,1,3
BRDA:52,11,0,4
BRDA:53,12,0,2
BRDA:53,12,1,8
BRDA:58,13,0,6
BRDA:58,13,1,2
BRDA:66,14,0,6
BRDA:67,15,0,2
BRDA:67,15,1,8
BRDA:81,16,0,5
BRDA:82,17,0,2
BRDA:82,17,1,7
BRDA:87,18,0,4
BRDA:87,18,1,3
BRDA:99,19,0,14
BRDA:99,19,1,9
BRDA:99,19,2,7
BRDA:101,20,0,4
BRDA:101,20,1,4
BRDA:115,21,0,22
BRDA:115,21,1,14
BRDA:115,21,2,12
BRDA:118,22,0,2
BRDA:118,22,1,6
BRDA:123,23,0,4
BRDA:123,23,1,2
BRDA:137,24,0,1
BRDA:137,24,1,9
BRDA:141,25,0,2
BRDA:141,25,1,7
BRDA:141,26,0,9
BRDA:141,26,1,5
BRDA:145,27,0,2
BRDA:145,27,1,5
BRDA:145,28,0,7
BRDA:145,28,1,5
BRDA:158,29,0,2
BRDA:158,29,1,8
BRDA:162,30,0,2
BRDA:162,30,1,6
BRDA:162,31,0,8
BRDA:162,31,1,5
BRDA:169,32,0,2
BRDA:169,32,1,4
BRDA:169,33,0,6
BRDA:169,33,1,5
BRDA:185,34,0,2
BRDA:185,34,1,7
BRDA:189,35,0,4
BRDA:189,35,1,3
BRF:71
BRH:71
end_of_record
TN:
SF:src/lib/output.ts
FN:15,formatOutput
FN:30,printOutput
FN:40,printSuccess
FN:49,printError
FN:59,printInfo
FN:68,printPageSummary
FN:89,getPageTitle
FN:99,printDatabaseSummary
FN:115,printUserSummary
FN:131,printBlockSummary
FN:145,getBlockContent
FN:154,(anonymous_11)
FNF:12
FNH:12
FNDA:4,formatOutput
FNDA:2,printOutput
FNDA:2,printSuccess
FNDA:2,printError
FNDA:2,printInfo
FNDA:2,printPageSummary
FNDA:5,getPageTitle
FNDA:2,printDatabaseSummary
FNDA:2,printUserSummary
FNDA:2,printBlockSummary
FNDA:6,getBlockContent
FNDA:2,(anonymous_11)
DA:15,2
DA:16,4
DA:17,1
DA:20,3
DA:21,1
DA:24,2
DA:30,2
DA:31,2
DA:32,1
DA:34,1
DA:40,2
DA:41,2
DA:42,1
DA:49,2
DA:50,2
DA:51,2
DA:52,1
DA:59,2
DA:60,2
DA:61,1
DA:68,2
DA:69,2
DA:70,2
DA:71,2
DA:73,2
DA:77,2
DA:78,2
DA:79,2
DA:80,2
DA:81,1
DA:83,2
DA:89,2
DA:90,5
DA:91,5
DA:93,5
DA:99,2
DA:100,2
DA:101,2
DA:102,2
DA:103,2
DA:105,2
DA:106,2
DA:107,2
DA:108,2
DA:109,2
DA:115,2
DA:116,2
DA:117,2
DA:118,2
DA:119,2
DA:121,2
DA:122,2
DA:123,2
DA:124,2
DA:125,2
DA:131,2
DA:132,2
DA:133,2
DA:134,2
DA:135,2
DA:137,2
DA:138,2
DA:139,2
DA:145,2
DA:146,6
DA:147,6
DA:149,6
DA:150,1
DA:153,5
DA:154,3
DA:157,2
DA:158,1
DA:160,1
DA:161,1
DA:163,0
DA:164,0
DA:167,0
LF:77
LH:74
BRDA:15,0,0,1
BRDA:16,1,0,1
BRDA:16,1,1,3
BRDA:20,2,0,1
BRDA:20,2,1,2
BRDA:30,3,0,1
BRDA:31,4,0,1
BRDA:31,4,1,1
BRDA:41,5,0,1
BRDA:41,5,1,1
BRDA:51,6,0,1
BRDA:51,6,1,1
BRDA:60,7,0,1
BRDA:60,7,1,1
BRDA:71,8,0,2
BRDA:71,8,1,1
BRDA:73,9,0,2
BRDA:73,9,1,2
BRDA:73,9,2,1
BRDA:80,10,0,1
BRDA:80,10,1,1
BRDA:93,11,0,5
BRDA:93,11,1,2
BRDA:93,11,2,1
BRDA:100,12,0,2
BRDA:100,12,1,1
BRDA:102,13,0,2
BRDA:102,13,1,1
BRDA:103,14,0,2
BRDA:103,14,1,1
BRDA:116,15,0,2
BRDA:116,15,1,1
BRDA:119,16,0,2
BRDA:119,16,1,1
BRDA:119,16,2,1
BRDA:135,17,0,1
BRDA:135,17,1,1
BRDA:149,18,0,1
BRDA:149,18,1,5
BRDA:153,19,0,3
BRDA:153,19,1,2
BRDA:154,20,0,2
BRDA:154,20,1,0
BRDA:154,20,2,0
BRDA:157,21,0,1
BRDA:157,21,1,1
BRDA:160,22,0,1
BRDA:160,22,1,0
BRDA:161,23,0,1
BRDA:161,23,1,0
BRDA:161,23,2,0
BRDA:163,24,0,0
BRDA:163,24,1,0
BRDA:163,25,0,0
BRDA:163,25,1,0
BRDA:164,26,0,0
BRDA:164,26,1,0
BRF:57
BRH:46
end_of_record
TN:
SF:src/lib/properties.ts
FN:50,buildProperty
FN:170,buildProperties
FN:171,(anonymous_2)
FN:179,buildPropertyValue
FN:200,(anonymous_4)
FN:227,(anonymous_5)
FN:233,(anonymous_6)
FN:249,(anonymous_7)
FNF:8
FNH:0
FNDA:0,buildProperty
FNDA:0,buildProperties
FNDA:0,(anonymous_2)
FNDA:0,buildPropertyValue
FNDA:0,(anonymous_4)
FNDA:0,(anonymous_5)
FNDA:0,(anonymous_6)
FNDA:0,(anonymous_7)
DA:50,0
DA:51,0
DA:53,0
DA:55,0
DA:58,0
DA:61,0
DA:70,0
DA:79,0
DA:88,0
DA:91,0
DA:94,0
DA:97,0
DA:100,0
DA:103,0
DA:106,0
DA:109,0
DA:118,0
DA:128,0
DA:141,0
DA:144,0
DA:147,0
DA:150,0
DA:153,0
DA:163,0
DA:170,0
DA:171,0
DA:172,0
DA:179,0
DA:180,0
DA:182,0
DA:187,0
DA:192,0
DA:195,0
DA:198,0
DA:200,0
DA:205,0
DA:214,0
DA:217,0
DA:220,0
DA:223,0
DA:226,0
DA:227,0
DA:231,0
DA:233,0
DA:248,0
DA:249,0
DA:253,0
DA:256,0
LF:48
LH:0
BRDA:53,0,0,0
BRDA:53,0,1,0
BRDA:53,0,2,0
BRDA:53,0,3,0
BRDA:53,0,4,0
BRDA:53,0,5,0
BRDA:53,0,6,0
BRDA:53,0,7,0
BRDA:53,0,8,0
BRDA:53,0,9,0
BRDA:53,0,10,0
BRDA:53,0,11,0
BRDA:53,0,12,0
BRDA:53,0,13,0
BRDA:53,0,14,0
BRDA:53,0,15,0
BRDA:53,0,16,0
BRDA:53,0,17,0
BRDA:53,0,18,0
BRDA:53,0,19,0
BRDA:53,0,20,0
BRDA:64,1,0,0
BRDA:64,1,1,0
BRDA:73,2,0,0
BRDA:73,2,1,0
BRDA:82,3,0,0
BRDA:82,3,1,0
BRDA:112,4,0,0
BRDA:112,4,1,0
BRDA:122,5,0,0
BRDA:122,5,1,0
BRDA:156,6,0,0
BRDA:156,6,1,0
BRDA:157,7,0,0
BRDA:157,7,1,0
BRDA:180,8,0,0
BRDA:180,8,1,0
BRDA:180,8,2,0
BRDA:180,8,3,0
BRDA:180,8,4,0
BRDA:180,8,5,0
BRDA:180,8,6,0
BRDA:180,8,7,0
BRDA:180,8,8,0
BRDA:180,8,9,0
BRDA:180,8,10,0
BRDA:180,8,11,0
BRDA:180,8,12,0
BRDA:180,8,13,0
BRDA:180,8,14,0
BRDA:199,9,0,0
BRDA:199,9,1,0
BRDA:208,10,0,0
BRDA:208,10,1,0
BRDA:209,11,0,0
BRDA:209,11,1,0
BRDA:227,12,0,0
BRDA:227,12,1,0
BRDA:232,13,0,0
BRDA:232,13,1,0
BRDA:235,14,0,0
BRDA:235,14,1,0
BRDA:236,15,0,0
BRDA:236,15,1,0
BRDA:241,16,0,0
BRDA:241,16,1,0
BRDA:249,17,0,0
BRDA:249,17,1,0
BRF:68
BRH:0
end_of_record
TN:
SF:src/lib/validation.ts
FN:14,isValidId
FN:30,normalizeId
FN:50,validateId
FN:59,isValidUrl
FN:71,validateUrl
FN:80,isValidJson
FN:92,parseJson
FN:106,isValidVersion
FN:113,validateVersion
FN:142,isValidColor
FN:149,validateColor
FN:185,isValidBlockType
FN:192,validateBlockType
FNF:13
FNH:13
FNDA:27,isValidId
FNDA:3,normalizeId
FNDA:21,validateId
FNDA:7,isValidUrl
FNDA:3,validateUrl
FNDA:6,isValidJson
FNDA:6,parseJson
FNDA:7,isValidVersion
FNDA:2,validateVersion
FNDA:20,isValidColor
FNDA:3,validateColor
FNDA:34,isValidBlockType
FNDA:3,validateBlockType
DA:14,61
DA:15,27
DA:16,2
DA:20,25
DA:23,25
DA:30,61
DA:31,3
DA:33,3
DA:34,1
DA:38,2
DA:50,61
DA:51,21
DA:52,2
DA:59,61
DA:60,7
DA:61,7
DA:62,3
DA:64,4
DA:71,61
DA:72,3
DA:73,2
DA:80,61
DA:81,6
DA:82,6
DA:83,4
DA:85,2
DA:92,61
DA:93,6
DA:94,6
DA:96,2
DA:97,2
DA:98,2
DA:99,2
DA:106,61
DA:107,7
DA:113,61
DA:114,2
DA:115,1
DA:124,61
DA:142,61
DA:143,20
DA:149,61
DA:150,3
DA:151,2
DA:158,61
DA:185,61
DA:186,34
DA:192,61
DA:193,3
DA:194,2
LF:50
LH:50
BRDA:15,0,0,2
BRDA:15,0,1,25
BRDA:15,1,0,27
BRDA:15,1,1,25
BRDA:33,2,0,1
BRDA:33,2,1,2
BRDA:50,3,0,2
BRDA:51,4,0,2
BRDA:51,4,1,19
BRDA:71,5,0,2
BRDA:72,6,0,2
BRDA:72,6,1,1
BRDA:92,7,0,2
BRDA:114,8,0,1
BRDA:114,8,1,1
BRDA:150,9,0,2
BRDA:150,9,1,1
BRDA:193,10,0,2
BRDA:193,10,1,1
BRF:19
BRH:19
end_of_record
